INFO 2020-11-12 17:04:46,327 [autoreload.py:613] [autoreload:run_with_reloader] - Watching for file changes with StatReloader
INFO 2020-11-12 17:05:29,395 [autoreload.py:236] [autoreload:trigger_reload] - D:\python\sunday\polls\models.py changed, reloading.
INFO 2020-11-12 17:05:29,946 [autoreload.py:613] [autoreload:run_with_reloader] - Watching for file changes with StatReloader
INFO 2020-11-12 17:07:41,688 [autoreload.py:236] [autoreload:trigger_reload] - D:\python\sunday\polls\models.py changed, reloading.
INFO 2020-11-12 17:07:42,265 [autoreload.py:613] [autoreload:run_with_reloader] - Watching for file changes with StatReloader
INFO 2020-11-12 17:08:52,803 [autoreload.py:236] [autoreload:trigger_reload] - D:\python\sunday\polls\models.py changed, reloading.
INFO 2020-11-12 17:08:53,399 [autoreload.py:613] [autoreload:run_with_reloader] - Watching for file changes with StatReloader
INFO 2020-11-12 17:09:22,217 [autoreload.py:236] [autoreload:trigger_reload] - D:\python\sunday\polls\models.py changed, reloading.
INFO 2020-11-12 17:09:22,783 [autoreload.py:613] [autoreload:run_with_reloader] - Watching for file changes with StatReloader
INFO 2020-11-12 17:11:22,352 [autoreload.py:236] [autoreload:trigger_reload] - D:\python\sunday\polls\models.py changed, reloading.
INFO 2020-11-12 17:11:22,937 [autoreload.py:613] [autoreload:run_with_reloader] - Watching for file changes with StatReloader
INFO 2020-11-12 17:11:54,653 [autoreload.py:236] [autoreload:trigger_reload] - D:\python\sunday\polls\models.py changed, reloading.
INFO 2020-11-12 17:11:55,238 [autoreload.py:613] [autoreload:run_with_reloader] - Watching for file changes with StatReloader
INFO 2020-11-12 17:14:19,534 [autoreload.py:236] [autoreload:trigger_reload] - D:\python\sunday\polls\models.py changed, reloading.
INFO 2020-11-12 17:14:20,112 [autoreload.py:613] [autoreload:run_with_reloader] - Watching for file changes with StatReloader
INFO 2020-11-12 17:16:12,064 [autoreload.py:236] [autoreload:trigger_reload] - D:\python\sunday\polls\models.py changed, reloading.
INFO 2020-11-12 17:16:12,650 [autoreload.py:613] [autoreload:run_with_reloader] - Watching for file changes with StatReloader
INFO 2020-11-12 17:22:47,438 [autoreload.py:236] [autoreload:trigger_reload] - D:\python\sunday\polls\models.py changed, reloading.
INFO 2020-11-12 17:22:48,015 [autoreload.py:613] [autoreload:run_with_reloader] - Watching for file changes with StatReloader
INFO 2020-11-12 17:29:17,492 [autoreload.py:236] [autoreload:trigger_reload] - D:\python\sunday\polls\admin.py changed, reloading.
INFO 2020-11-12 17:29:18,064 [autoreload.py:613] [autoreload:run_with_reloader] - Watching for file changes with StatReloader
INFO 2020-11-12 17:29:31,390 [basehttp.py:157] [basehttp:log_message] - "GET /admin/polls/ HTTP/1.1" 200 3142
INFO 2020-11-12 17:29:31,405 [basehttp.py:157] [basehttp:log_message] - "GET /static/admin/css/base.css HTTP/1.1" 304 0
INFO 2020-11-12 17:29:31,406 [basehttp.py:157] [basehttp:log_message] - "GET /static/admin/css/nav_sidebar.css HTTP/1.1" 304 0
INFO 2020-11-12 17:29:31,408 [basehttp.py:157] [basehttp:log_message] - "GET /static/admin/css/dashboard.css HTTP/1.1" 304 0
INFO 2020-11-12 17:29:31,409 [basehttp.py:157] [basehttp:log_message] - "GET /static/admin/css/responsive.css HTTP/1.1" 304 0
INFO 2020-11-12 17:29:31,410 [basehttp.py:157] [basehttp:log_message] - "GET /static/admin/css/fonts.css HTTP/1.1" 304 0
INFO 2020-11-12 17:29:31,411 [basehttp.py:157] [basehttp:log_message] - "GET /static/admin/js/nav_sidebar.js HTTP/1.1" 304 0
INFO 2020-11-12 17:29:31,418 [basehttp.py:157] [basehttp:log_message] - "GET /static/admin/fonts/Roboto-Light-webfont.woff HTTP/1.1" 304 0
INFO 2020-11-12 17:29:31,418 [basehttp.py:157] [basehttp:log_message] - "GET /static/admin/img/icon-changelink.svg HTTP/1.1" 304 0
INFO 2020-11-12 17:29:31,418 [basehttp.py:157] [basehttp:log_message] - "GET /static/admin/img/icon-addlink.svg HTTP/1.1" 304 0
INFO 2020-11-12 17:29:31,418 [basehttp.py:157] [basehttp:log_message] - "GET /static/admin/fonts/Roboto-Regular-webfont.woff HTTP/1.1" 304 0
INFO 2020-11-12 17:29:31,419 [basehttp.py:157] [basehttp:log_message] - "GET /static/admin/fonts/Roboto-Bold-webfont.woff HTTP/1.1" 304 0
INFO 2020-11-12 17:29:36,253 [basehttp.py:157] [basehttp:log_message] - "GET /admin/polls/choice/ HTTP/1.1" 200 7435
INFO 2020-11-12 17:29:38,187 [basehttp.py:157] [basehttp:log_message] - "GET /admin/polls/choice/ HTTP/1.1" 200 7435
INFO 2020-11-12 17:29:38,202 [basehttp.py:157] [basehttp:log_message] - "GET /static/admin/js/jquery.init.js HTTP/1.1" 304 0
INFO 2020-11-12 17:29:38,204 [basehttp.py:157] [basehttp:log_message] - "GET /static/admin/css/changelists.css HTTP/1.1" 304 0
INFO 2020-11-12 17:29:38,204 [basehttp.py:157] [basehttp:log_message] - "GET /static/admin/js/core.js HTTP/1.1" 304 0
INFO 2020-11-12 17:29:38,206 [basehttp.py:157] [basehttp:log_message] - "GET /static/admin/js/actions.js HTTP/1.1" 304 0
INFO 2020-11-12 17:29:38,207 [basehttp.py:157] [basehttp:log_message] - "GET /static/admin/js/vendor/jquery/jquery.js HTTP/1.1" 304 0
INFO 2020-11-12 17:29:38,208 [basehttp.py:157] [basehttp:log_message] - "GET /static/admin/js/prepopulate.js HTTP/1.1" 304 0
INFO 2020-11-12 17:29:38,208 [basehttp.py:157] [basehttp:log_message] - "GET /static/admin/js/admin/RelatedObjectLookups.js HTTP/1.1" 304 0
INFO 2020-11-12 17:29:38,209 [basehttp.py:157] [basehttp:log_message] - "GET /static/admin/js/urlify.js HTTP/1.1" 304 0
INFO 2020-11-12 17:29:38,209 [basehttp.py:157] [basehttp:log_message] - "GET /static/admin/js/vendor/xregexp/xregexp.js HTTP/1.1" 304 0
INFO 2020-11-12 17:29:38,216 [basehttp.py:157] [basehttp:log_message] - "GET /admin/jsi18n/ HTTP/1.1" 200 7732
INFO 2020-11-12 17:29:38,229 [basehttp.py:157] [basehttp:log_message] - "GET /static/admin/img/tooltag-add.svg HTTP/1.1" 304 0
INFO 2020-11-12 17:29:46,033 [basehttp.py:157] [basehttp:log_message] - "GET /admin/polls/choice/ HTTP/1.1" 200 7435
INFO 2020-11-12 17:29:46,057 [basehttp.py:157] [basehttp:log_message] - "GET /admin/jsi18n/ HTTP/1.1" 200 7732
INFO 2020-11-12 17:30:02,008 [basehttp.py:157] [basehttp:log_message] - "GET /admin/polls/question/ HTTP/1.1" 200 6834
INFO 2020-11-12 17:30:02,034 [basehttp.py:157] [basehttp:log_message] - "GET /admin/jsi18n/ HTTP/1.1" 200 7732
INFO 2020-11-12 17:30:03,561 [basehttp.py:157] [basehttp:log_message] - "GET /admin/polls/choice/ HTTP/1.1" 200 7435
INFO 2020-11-12 17:30:03,580 [basehttp.py:157] [basehttp:log_message] - "GET /admin/jsi18n/ HTTP/1.1" 200 7732
ERROR 2020-11-12 17:30:07,629 [log.py:224] [log:log_response] - Internal Server Error: /admin/polls/choice/7/change/
Traceback (most recent call last):
  File "D:\python\sunday\venv\lib\site-packages\django\contrib\admin\options.py", line 709, in get_form
    return modelform_factory(self.model, **defaults)
  File "D:\python\sunday\venv\lib\site-packages\django\forms\models.py", line 555, in modelform_factory
    return type(form)(class_name, (form,), form_class_attrs)
  File "D:\python\sunday\venv\lib\site-packages\django\forms\models.py", line 268, in __new__
    raise FieldError(message)
django.core.exceptions.FieldError: Unknown field(s) (vote) specified for Choice

During handling of the above exception, another exception occurred:

Traceback (most recent call last):
  File "D:\python\sunday\venv\lib\site-packages\django\core\handlers\exception.py", line 47, in inner
    response = get_response(request)
  File "D:\python\sunday\venv\lib\site-packages\django\core\handlers\base.py", line 179, in _get_response
    response = wrapped_callback(request, *callback_args, **callback_kwargs)
  File "D:\python\sunday\venv\lib\site-packages\django\contrib\admin\options.py", line 614, in wrapper
    return self.admin_site.admin_view(view)(*args, **kwargs)
  File "D:\python\sunday\venv\lib\site-packages\django\utils\decorators.py", line 130, in _wrapped_view
    response = view_func(request, *args, **kwargs)
  File "D:\python\sunday\venv\lib\site-packages\django\views\decorators\cache.py", line 44, in _wrapped_view_func
    response = view_func(request, *args, **kwargs)
  File "D:\python\sunday\venv\lib\site-packages\django\contrib\admin\sites.py", line 233, in inner
    return view(request, *args, **kwargs)
  File "D:\python\sunday\venv\lib\site-packages\django\contrib\admin\options.py", line 1656, in change_view
    return self.changeform_view(request, object_id, form_url, extra_context)
  File "D:\python\sunday\venv\lib\site-packages\django\utils\decorators.py", line 43, in _wrapper
    return bound_method(*args, **kwargs)
  File "D:\python\sunday\venv\lib\site-packages\django\utils\decorators.py", line 130, in _wrapped_view
    response = view_func(request, *args, **kwargs)
  File "D:\python\sunday\venv\lib\site-packages\django\contrib\admin\options.py", line 1534, in changeform_view
    return self._changeform_view(request, object_id, form_url, extra_context)
  File "D:\python\sunday\venv\lib\site-packages\django\contrib\admin\options.py", line 1568, in _changeform_view
    ModelForm = self.get_form(
  File "D:\python\sunday\venv\lib\site-packages\django\contrib\admin\options.py", line 711, in get_form
    raise FieldError(
django.core.exceptions.FieldError: Unknown field(s) (vote) specified for Choice. Check fields/fieldsets/exclude attributes of class QuestionAdmin.
ERROR 2020-11-12 17:30:07,632 [basehttp.py:157] [basehttp:log_message] - "GET /admin/polls/choice/7/change/ HTTP/1.1" 500 133169
INFO 2020-11-12 17:30:21,974 [autoreload.py:236] [autoreload:trigger_reload] - D:\python\sunday\polls\admin.py changed, reloading.
INFO 2020-11-12 17:30:22,602 [autoreload.py:613] [autoreload:run_with_reloader] - Watching for file changes with StatReloader
INFO 2020-11-12 17:30:42,693 [autoreload.py:613] [autoreload:run_with_reloader] - Watching for file changes with StatReloader
INFO 2020-11-12 17:30:43,121 [basehttp.py:157] [basehttp:log_message] - "GET /admin/polls/question/ HTTP/1.1" 200 6834
INFO 2020-11-12 17:30:43,156 [basehttp.py:157] [basehttp:log_message] - "GET /admin/jsi18n/ HTTP/1.1" 200 7732
INFO 2020-11-12 17:30:45,699 [basehttp.py:157] [basehttp:log_message] - "GET /admin/polls/question/ HTTP/1.1" 200 6834
INFO 2020-11-12 17:30:45,724 [basehttp.py:157] [basehttp:log_message] - "GET /admin/jsi18n/ HTTP/1.1" 200 7732
INFO 2020-11-12 17:30:53,951 [basehttp.py:157] [basehttp:log_message] - "GET /admin/polls/question/2/change/ HTTP/1.1" 200 7150
INFO 2020-11-12 17:30:53,967 [basehttp.py:157] [basehttp:log_message] - "GET /static/admin/css/forms.css HTTP/1.1" 304 0
INFO 2020-11-12 17:30:53,969 [basehttp.py:157] [basehttp:log_message] - "GET /static/admin/js/calendar.js HTTP/1.1" 304 0
INFO 2020-11-12 17:30:53,969 [basehttp.py:157] [basehttp:log_message] - "GET /static/admin/js/admin/DateTimeShortcuts.js HTTP/1.1" 304 0
INFO 2020-11-12 17:30:53,973 [basehttp.py:157] [basehttp:log_message] - "GET /static/admin/css/widgets.css HTTP/1.1" 304 0
INFO 2020-11-12 17:30:53,973 [basehttp.py:157] [basehttp:log_message] - "GET /static/admin/js/prepopulate_init.js HTTP/1.1" 304 0
INFO 2020-11-12 17:30:53,975 [basehttp.py:157] [basehttp:log_message] - "GET /admin/jsi18n/ HTTP/1.1" 200 7732
INFO 2020-11-12 17:30:53,976 [basehttp.py:157] [basehttp:log_message] - "GET /static/admin/js/change_form.js HTTP/1.1" 304 0
INFO 2020-11-12 17:30:54,006 [basehttp.py:157] [basehttp:log_message] - "GET /static/admin/img/icon-calendar.svg HTTP/1.1" 304 0
INFO 2020-11-12 17:30:54,007 [basehttp.py:157] [basehttp:log_message] - "GET /static/admin/img/icon-clock.svg HTTP/1.1" 304 0
INFO 2020-11-12 17:31:44,349 [autoreload.py:236] [autoreload:trigger_reload] - D:\python\sunday\polls\admin.py changed, reloading.
INFO 2020-11-12 17:31:44,971 [autoreload.py:613] [autoreload:run_with_reloader] - Watching for file changes with StatReloader
INFO 2020-11-12 17:31:55,145 [autoreload.py:613] [autoreload:run_with_reloader] - Watching for file changes with StatReloader
INFO 2020-11-12 17:32:00,526 [basehttp.py:157] [basehttp:log_message] - "GET /admin/polls/question/ HTTP/1.1" 200 6834
INFO 2020-11-12 17:32:01,914 [basehttp.py:157] [basehttp:log_message] - "GET /admin/polls/question/ HTTP/1.1" 200 6834
INFO 2020-11-12 17:32:01,944 [basehttp.py:157] [basehttp:log_message] - "GET /admin/jsi18n/ HTTP/1.1" 200 7732
INFO 2020-11-12 17:32:04,023 [basehttp.py:157] [basehttp:log_message] - "GET /admin/polls/question/ HTTP/1.1" 200 6834
INFO 2020-11-12 17:32:04,038 [basehttp.py:157] [basehttp:log_message] - "GET /admin/jsi18n/ HTTP/1.1" 200 7732
ERROR 2020-11-12 17:32:06,056 [log.py:224] [log:log_response] - Internal Server Error: /admin/polls/question/2/change/
Traceback (most recent call last):
  File "D:\python\sunday\venv\lib\site-packages\django\contrib\admin\options.py", line 709, in get_form
    return modelform_factory(self.model, **defaults)
  File "D:\python\sunday\venv\lib\site-packages\django\forms\models.py", line 555, in modelform_factory
    return type(form)(class_name, (form,), form_class_attrs)
  File "D:\python\sunday\venv\lib\site-packages\django\forms\models.py", line 268, in __new__
    raise FieldError(message)
django.core.exceptions.FieldError: Unknown field(s) (question_text) specified for Question

During handling of the above exception, another exception occurred:

Traceback (most recent call last):
  File "D:\python\sunday\venv\lib\site-packages\django\core\handlers\exception.py", line 47, in inner
    response = get_response(request)
  File "D:\python\sunday\venv\lib\site-packages\django\core\handlers\base.py", line 179, in _get_response
    response = wrapped_callback(request, *callback_args, **callback_kwargs)
  File "D:\python\sunday\venv\lib\site-packages\django\contrib\admin\options.py", line 614, in wrapper
    return self.admin_site.admin_view(view)(*args, **kwargs)
  File "D:\python\sunday\venv\lib\site-packages\django\utils\decorators.py", line 130, in _wrapped_view
    response = view_func(request, *args, **kwargs)
  File "D:\python\sunday\venv\lib\site-packages\django\views\decorators\cache.py", line 44, in _wrapped_view_func
    response = view_func(request, *args, **kwargs)
  File "D:\python\sunday\venv\lib\site-packages\django\contrib\admin\sites.py", line 233, in inner
    return view(request, *args, **kwargs)
  File "D:\python\sunday\venv\lib\site-packages\django\contrib\admin\options.py", line 1656, in change_view
    return self.changeform_view(request, object_id, form_url, extra_context)
  File "D:\python\sunday\venv\lib\site-packages\django\utils\decorators.py", line 43, in _wrapper
    return bound_method(*args, **kwargs)
  File "D:\python\sunday\venv\lib\site-packages\django\utils\decorators.py", line 130, in _wrapped_view
    response = view_func(request, *args, **kwargs)
  File "D:\python\sunday\venv\lib\site-packages\django\contrib\admin\options.py", line 1534, in changeform_view
    return self._changeform_view(request, object_id, form_url, extra_context)
  File "D:\python\sunday\venv\lib\site-packages\django\contrib\admin\options.py", line 1568, in _changeform_view
    ModelForm = self.get_form(
  File "D:\python\sunday\venv\lib\site-packages\django\contrib\admin\options.py", line 711, in get_form
    raise FieldError(
django.core.exceptions.FieldError: Unknown field(s) (question_text) specified for Question. Check fields/fieldsets/exclude attributes of class QuestionAdmin.
ERROR 2020-11-12 17:32:06,058 [basehttp.py:157] [basehttp:log_message] - "GET /admin/polls/question/2/change/ HTTP/1.1" 500 133371
INFO 2020-11-12 17:32:20,982 [autoreload.py:236] [autoreload:trigger_reload] - D:\python\sunday\polls\admin.py changed, reloading.
INFO 2020-11-12 17:32:21,578 [autoreload.py:613] [autoreload:run_with_reloader] - Watching for file changes with StatReloader
INFO 2020-11-12 17:32:23,589 [basehttp.py:157] [basehttp:log_message] - "GET /admin/polls/question/ HTTP/1.1" 200 6834
INFO 2020-11-12 17:32:24,849 [basehttp.py:157] [basehttp:log_message] - "GET /admin/polls/question/ HTTP/1.1" 200 6834
INFO 2020-11-12 17:32:24,874 [basehttp.py:157] [basehttp:log_message] - "GET /admin/jsi18n/ HTTP/1.1" 200 7732
INFO 2020-11-12 17:32:27,150 [basehttp.py:157] [basehttp:log_message] - "GET /admin/polls/question/1/change/ HTTP/1.1" 200 7235
INFO 2020-11-12 17:32:27,173 [basehttp.py:157] [basehttp:log_message] - "GET /admin/jsi18n/ HTTP/1.1" 200 7732
INFO 2020-11-12 17:32:53,567 [autoreload.py:236] [autoreload:trigger_reload] - D:\python\sunday\polls\admin.py changed, reloading.
INFO 2020-11-12 17:32:54,159 [autoreload.py:613] [autoreload:run_with_reloader] - Watching for file changes with StatReloader
INFO 2020-11-12 17:33:00,552 [autoreload.py:613] [autoreload:run_with_reloader] - Watching for file changes with StatReloader
INFO 2020-11-12 17:33:15,449 [autoreload.py:613] [autoreload:run_with_reloader] - Watching for file changes with StatReloader
INFO 2020-11-12 17:33:20,008 [basehttp.py:157] [basehttp:log_message] - "GET /admin/polls/question/ HTTP/1.1" 200 6834
INFO 2020-11-12 17:33:21,402 [basehttp.py:157] [basehttp:log_message] - "GET /admin/polls/question/ HTTP/1.1" 200 6834
INFO 2020-11-12 17:33:21,429 [basehttp.py:157] [basehttp:log_message] - "GET /admin/jsi18n/ HTTP/1.1" 200 7732
INFO 2020-11-12 17:33:22,234 [basehttp.py:157] [basehttp:log_message] - "GET /admin/polls/question/ HTTP/1.1" 200 6834
INFO 2020-11-12 17:33:22,259 [basehttp.py:157] [basehttp:log_message] - "GET /admin/jsi18n/ HTTP/1.1" 200 7732
INFO 2020-11-12 17:33:24,547 [basehttp.py:157] [basehttp:log_message] - "GET /admin/polls/choice/ HTTP/1.1" 200 7435
INFO 2020-11-12 17:33:24,572 [basehttp.py:157] [basehttp:log_message] - "GET /admin/jsi18n/ HTTP/1.1" 200 7732
INFO 2020-11-12 17:33:25,820 [basehttp.py:157] [basehttp:log_message] - "GET /admin/polls/choice/7/change/ HTTP/1.1" 200 6942
INFO 2020-11-12 17:33:25,839 [basehttp.py:157] [basehttp:log_message] - "GET /admin/jsi18n/ HTTP/1.1" 200 7732
INFO 2020-11-12 17:33:54,756 [autoreload.py:236] [autoreload:trigger_reload] - D:\python\sunday\polls\admin.py changed, reloading.
INFO 2020-11-12 17:33:55,341 [autoreload.py:613] [autoreload:run_with_reloader] - Watching for file changes with StatReloader
INFO 2020-11-12 17:36:16,865 [autoreload.py:236] [autoreload:trigger_reload] - D:\python\sunday\polls\admin.py changed, reloading.
INFO 2020-11-12 17:36:17,450 [autoreload.py:613] [autoreload:run_with_reloader] - Watching for file changes with StatReloader
INFO 2020-11-12 17:36:20,945 [basehttp.py:157] [basehttp:log_message] - "GET /admin/polls/choice/7/change/ HTTP/1.1" 200 6942
INFO 2020-11-12 17:36:20,961 [basehttp.py:157] [basehttp:log_message] - "GET /admin/jsi18n/ HTTP/1.1" 200 7732
INFO 2020-11-12 17:36:21,681 [basehttp.py:157] [basehttp:log_message] - "GET /admin/polls/choice/7/change/ HTTP/1.1" 200 6942
INFO 2020-11-12 17:36:21,697 [basehttp.py:157] [basehttp:log_message] - "GET /admin/jsi18n/ HTTP/1.1" 200 7732
INFO 2020-11-12 17:36:22,979 [basehttp.py:157] [basehttp:log_message] - "GET /admin/polls/choice/ HTTP/1.1" 200 7435
INFO 2020-11-12 17:36:25,199 [basehttp.py:157] [basehttp:log_message] - "GET /admin/polls/question/ HTTP/1.1" 200 6834
INFO 2020-11-12 17:36:25,216 [basehttp.py:157] [basehttp:log_message] - "GET /admin/jsi18n/ HTTP/1.1" 200 7732
INFO 2020-11-12 17:36:26,477 [basehttp.py:157] [basehttp:log_message] - "GET /admin/polls/question/2/change/ HTTP/1.1" 200 7237
INFO 2020-11-12 17:36:26,505 [basehttp.py:157] [basehttp:log_message] - "GET /admin/jsi18n/ HTTP/1.1" 200 7732
INFO 2020-11-12 17:44:36,460 [autoreload.py:236] [autoreload:trigger_reload] - D:\python\sunday\polls\admin.py changed, reloading.
INFO 2020-11-12 17:44:37,053 [autoreload.py:613] [autoreload:run_with_reloader] - Watching for file changes with StatReloader
INFO 2020-11-12 17:44:53,614 [autoreload.py:236] [autoreload:trigger_reload] - D:\python\sunday\polls\admin.py changed, reloading.
INFO 2020-11-12 17:44:54,197 [autoreload.py:613] [autoreload:run_with_reloader] - Watching for file changes with StatReloader
INFO 2020-11-12 17:45:03,605 [autoreload.py:236] [autoreload:trigger_reload] - D:\python\sunday\polls\admin.py changed, reloading.
INFO 2020-11-12 17:45:04,230 [autoreload.py:613] [autoreload:run_with_reloader] - Watching for file changes with StatReloader
INFO 2020-11-12 17:45:32,038 [autoreload.py:236] [autoreload:trigger_reload] - D:\python\sunday\polls\admin.py changed, reloading.
INFO 2020-11-12 17:45:32,613 [autoreload.py:613] [autoreload:run_with_reloader] - Watching for file changes with StatReloader
INFO 2020-11-12 17:46:49,517 [autoreload.py:236] [autoreload:trigger_reload] - D:\python\sunday\polls\admin.py changed, reloading.
INFO 2020-11-12 17:46:50,091 [autoreload.py:613] [autoreload:run_with_reloader] - Watching for file changes with StatReloader
INFO 2020-11-12 17:47:24,104 [autoreload.py:236] [autoreload:trigger_reload] - D:\python\sunday\polls\admin.py changed, reloading.
INFO 2020-11-12 17:47:24,688 [autoreload.py:613] [autoreload:run_with_reloader] - Watching for file changes with StatReloader
INFO 2020-11-12 17:48:05,742 [autoreload.py:236] [autoreload:trigger_reload] - D:\python\sunday\polls\admin.py changed, reloading.
INFO 2020-11-12 17:48:06,364 [autoreload.py:613] [autoreload:run_with_reloader] - Watching for file changes with StatReloader
INFO 2020-11-12 17:48:23,867 [autoreload.py:236] [autoreload:trigger_reload] - D:\python\sunday\polls\admin.py changed, reloading.
INFO 2020-11-12 17:48:24,453 [autoreload.py:613] [autoreload:run_with_reloader] - Watching for file changes with StatReloader
INFO 2020-11-12 17:50:07,986 [autoreload.py:236] [autoreload:trigger_reload] - D:\python\sunday\polls\admin.py changed, reloading.
INFO 2020-11-12 17:50:08,581 [autoreload.py:613] [autoreload:run_with_reloader] - Watching for file changes with StatReloader
INFO 2020-11-12 17:51:12,111 [autoreload.py:613] [autoreload:run_with_reloader] - Watching for file changes with StatReloader
INFO 2020-11-12 17:52:06,932 [basehttp.py:157] [basehttp:log_message] - "GET /admin/polls/question/2/change/ HTTP/1.1" 200 15121
INFO 2020-11-12 17:52:06,951 [basehttp.py:157] [basehttp:log_message] - "GET /admin/jsi18n/ HTTP/1.1" 200 7732
INFO 2020-11-12 17:52:06,956 [basehttp.py:157] [basehttp:log_message] - "GET /static/admin/js/collapse.js HTTP/1.1" 200 1803
INFO 2020-11-12 17:52:06,973 [basehttp.py:157] [basehttp:log_message] - "GET /static/admin/js/inlines.js HTTP/1.1" 200 15225
INFO 2020-11-12 17:52:07,019 [basehttp.py:157] [basehttp:log_message] - "GET /static/admin/img/inline-delete.svg HTTP/1.1" 200 560
INFO 2020-11-12 17:53:01,212 [autoreload.py:236] [autoreload:trigger_reload] - D:\python\sunday\polls\admin.py changed, reloading.
INFO 2020-11-12 17:53:01,796 [autoreload.py:613] [autoreload:run_with_reloader] - Watching for file changes with StatReloader
INFO 2020-11-12 17:53:06,035 [autoreload.py:236] [autoreload:trigger_reload] - D:\python\sunday\polls\admin.py changed, reloading.
INFO 2020-11-12 17:53:06,615 [autoreload.py:613] [autoreload:run_with_reloader] - Watching for file changes with StatReloader
INFO 2020-11-12 17:53:08,767 [basehttp.py:157] [basehttp:log_message] - "GET /admin/polls/question/2/change/ HTTP/1.1" 200 15040
INFO 2020-11-12 17:53:08,794 [basehttp.py:157] [basehttp:log_message] - "GET /admin/jsi18n/ HTTP/1.1" 200 7732
INFO 2020-11-12 17:53:12,480 [basehttp.py:157] [basehttp:log_message] - "GET /admin/polls/question/ HTTP/1.1" 200 6541
INFO 2020-11-12 17:53:14,185 [basehttp.py:157] [basehttp:log_message] - "GET /admin/polls/question/ HTTP/1.1" 200 6541
INFO 2020-11-12 17:53:14,210 [basehttp.py:157] [basehttp:log_message] - "GET /admin/jsi18n/ HTTP/1.1" 200 7732
INFO 2020-11-12 17:53:15,531 [basehttp.py:157] [basehttp:log_message] - "GET /admin/polls/question/1/change/ HTTP/1.1" 200 16250
INFO 2020-11-12 17:53:15,556 [basehttp.py:157] [basehttp:log_message] - "GET /admin/jsi18n/ HTTP/1.1" 200 7732
INFO 2020-11-12 17:54:40,186 [basehttp.py:157] [basehttp:log_message] - "GET /admin/polls/question/1/change/ HTTP/1.1" 200 16250
INFO 2020-11-12 17:54:40,203 [basehttp.py:157] [basehttp:log_message] - "GET /admin/jsi18n/ HTTP/1.1" 200 7732
INFO 2020-11-12 17:54:42,328 [basehttp.py:157] [basehttp:log_message] - "GET /admin/polls/question/1/change/ HTTP/1.1" 200 16250
INFO 2020-11-12 17:54:42,343 [basehttp.py:157] [basehttp:log_message] - "GET /admin/jsi18n/ HTTP/1.1" 200 7732
INFO 2020-11-12 17:54:43,236 [basehttp.py:157] [basehttp:log_message] - "GET /admin/polls/question/1/change/ HTTP/1.1" 200 16250
INFO 2020-11-12 17:54:43,261 [basehttp.py:157] [basehttp:log_message] - "GET /admin/jsi18n/ HTTP/1.1" 200 7732
INFO 2020-11-12 17:55:04,994 [autoreload.py:236] [autoreload:trigger_reload] - D:\python\sunday\polls\models.py changed, reloading.
INFO 2020-11-12 17:55:05,587 [autoreload.py:613] [autoreload:run_with_reloader] - Watching for file changes with StatReloader
INFO 2020-11-12 17:55:08,972 [basehttp.py:157] [basehttp:log_message] - "GET /admin/polls/question/1/change/ HTTP/1.1" 200 16259
INFO 2020-11-12 17:55:08,988 [basehttp.py:157] [basehttp:log_message] - "GET /admin/jsi18n/ HTTP/1.1" 200 7732
INFO 2020-11-12 17:55:14,680 [basehttp.py:157] [basehttp:log_message] - "POST /admin/polls/question/1/change/ HTTP/1.1" 302 0
INFO 2020-11-12 17:55:14,722 [basehttp.py:157] [basehttp:log_message] - "GET /admin/polls/question/ HTTP/1.1" 200 6739
INFO 2020-11-12 17:55:14,741 [basehttp.py:157] [basehttp:log_message] - "GET /admin/jsi18n/ HTTP/1.1" 200 7732
INFO 2020-11-12 17:55:14,754 [basehttp.py:157] [basehttp:log_message] - "GET /static/admin/img/icon-yes.svg HTTP/1.1" 304 0
INFO 2020-11-12 17:55:18,479 [basehttp.py:157] [basehttp:log_message] - "GET /admin/polls/question/ HTTP/1.1" 200 6541
INFO 2020-11-12 17:55:18,503 [basehttp.py:157] [basehttp:log_message] - "GET /admin/jsi18n/ HTTP/1.1" 200 7732
INFO 2020-11-12 17:55:21,677 [basehttp.py:157] [basehttp:log_message] - "GET /admin/polls/question/add/ HTTP/1.1" 200 12259
INFO 2020-11-12 17:55:21,696 [basehttp.py:157] [basehttp:log_message] - "GET /admin/jsi18n/ HTTP/1.1" 200 7732
INFO 2020-11-12 17:56:00,856 [basehttp.py:157] [basehttp:log_message] - "POST /admin/polls/question/add/ HTTP/1.1" 302 0
INFO 2020-11-12 17:56:00,899 [basehttp.py:157] [basehttp:log_message] - "GET /admin/polls/question/ HTTP/1.1" 200 6946
INFO 2020-11-12 17:56:00,918 [basehttp.py:157] [basehttp:log_message] - "GET /admin/jsi18n/ HTTP/1.1" 200 7732
INFO 2020-11-12 17:56:28,614 [basehttp.py:157] [basehttp:log_message] - "GET /admin/polls/question/ HTTP/1.1" 200 6751
INFO 2020-11-12 17:56:28,655 [basehttp.py:157] [basehttp:log_message] - "GET /admin/jsi18n/ HTTP/1.1" 200 7732
INFO 2020-11-12 17:56:34,326 [basehttp.py:157] [basehttp:log_message] - "GET /polls/ HTTP/1.1" 200 353
INFO 2020-11-12 17:56:37,447 [basehttp.py:157] [basehttp:log_message] - "GET /polls/3/ HTTP/1.1" 200 730
INFO 2020-11-12 17:56:39,917 [basehttp.py:157] [basehttp:log_message] - "POST /polls/3/vote/ HTTP/1.1" 302 0
INFO 2020-11-12 17:56:39,933 [basehttp.py:157] [basehttp:log_message] - "GET /polls/3/result/ HTTP/1.1" 200 1070
INFO 2020-11-12 17:56:42,976 [basehttp.py:157] [basehttp:log_message] - "GET /polls/3/ HTTP/1.1" 200 730
INFO 2020-11-12 17:56:44,889 [basehttp.py:157] [basehttp:log_message] - "POST /polls/3/vote/ HTTP/1.1" 302 0
INFO 2020-11-12 17:56:44,910 [basehttp.py:157] [basehttp:log_message] - "GET /polls/3/result/ HTTP/1.1" 200 1070
INFO 2020-11-12 17:56:46,318 [basehttp.py:157] [basehttp:log_message] - "GET /polls/3/ HTTP/1.1" 200 730
INFO 2020-11-12 17:56:48,065 [basehttp.py:157] [basehttp:log_message] - "POST /polls/3/vote/ HTTP/1.1" 302 0
INFO 2020-11-12 17:56:48,071 [basehttp.py:157] [basehttp:log_message] - "GET /polls/3/result/ HTTP/1.1" 200 1070
INFO 2020-11-12 17:57:01,143 [autoreload.py:236] [autoreload:trigger_reload] - D:\python\sunday\polls\models.py changed, reloading.
INFO 2020-11-12 17:57:01,757 [autoreload.py:613] [autoreload:run_with_reloader] - Watching for file changes with StatReloader
INFO 2020-11-12 17:57:51,162 [autoreload.py:236] [autoreload:trigger_reload] - D:\python\sunday\polls\admin.py changed, reloading.
INFO 2020-11-12 17:57:51,790 [autoreload.py:613] [autoreload:run_with_reloader] - Watching for file changes with StatReloader
INFO 2020-11-12 18:00:51,162 [autoreload.py:236] [autoreload:trigger_reload] - D:\python\sunday\polls\admin.py changed, reloading.
